2024/10/04 06:51:35 main.go:42: Starting server on :8080...
2024/10/04 06:54:25 server.go:41: Gracefully shutting down server...
2024/10/04 06:54:25 main.go:48: Server gracefully shutdown complete.
2024/10/04 06:54:28 main.go:42: Starting server on :8080...
2024/10/04 06:58:14 server.go:41: Gracefully shutting down server...
2024/10/04 06:59:55 main.go:42: Starting server on :8080...
2024/10/04 07:00:44 server.go:41: Gracefully shutting down server...
2024/10/04 07:00:44 main.go:48: Server gracefully shutdown complete.
2024/10/07 08:59:14 main.go:42: Starting server on :8080...
2024/10/07 09:05:27 server.go:41: Gracefully shutting down server...
2024/10/07 09:05:27 main.go:48: Server gracefully shutdown complete.
2024/10/07 09:05:42 main.go:42: Starting server on :8080...
2024/10/07 09:30:19 server.go:41: Gracefully shutting down server...
2024/10/07 09:30:19 main.go:48: Server gracefully shutdown complete.
2024/10/07 09:30:26 main.go:42: Starting server on :8080...
2024/10/07 09:58:24 server.go:41: Gracefully shutting down server...
2024/10/07 09:58:24 main.go:48: Server gracefully shutdown complete.
2024/10/07 12:07:58 main.go:42: Starting server on :8080...
2024/10/07 12:22:18 server.go:41: Gracefully shutting down server...
2024/10/07 12:22:18 main.go:48: Server gracefully shutdown complete.
2024/10/07 12:24:36 main.go:61: Starting server on :8080...
2024/12/12 11:13:14 main.go:61: Starting server on :8080...
2024/12/12 11:15:04 server.go:41: Gracefully shutting down server...
2024/12/12 11:15:04 main.go:67: Server gracefully shutdown complete.
2024/12/12 11:15:21 main.go:61: Starting server on :8080...
2024/12/12 11:29:17 server.go:41: Gracefully shutting down server...
2024/12/12 11:29:17 main.go:67: Server gracefully shutdown complete.
2024/12/12 11:29:49 main.go:61: Starting server on :8080...
2024/12/12 15:09:19 main.go:61: Starting server on :8080...
2024/12/12 15:10:59 get.go:34: Could not get data: sql: expected 7 destination arguments in Scan, not 2 []
2024/12/12 15:16:41 get.go:34: Could not get data: sql: expected 7 destination arguments in Scan, not 2 []
2024/12/12 15:17:45 main.go:61: Starting server on :8080...
2024/12/12 15:17:51 get.go:34: Could not get data: no such table: data []
2024/12/12 15:19:54 main.go:61: Starting server on :8080...
2024/12/12 15:20:02 get.go:34: Could not get data: no such table: data []
2024/12/12 15:20:26 main.go:61: Starting server on :8080...
2024/12/12 15:32:12 main.go:61: Starting server on :8080...
